2025-10-21T06:20:07: Warning: connect.session() MemoryStore is not
designed for a production environment, as it will leak
memory, and will not scale past a single process.
2025-10-21T06:20:22: ❌ Failed to initialize RCON connection: Connection timeout
2025-10-21T06:20:22: ❌ RCON Error: Connection timeout
2025-10-21T13:16:13: Warning: connect.session() MemoryStore is not
designed for a production environment, as it will leak
memory, and will not scale past a single process.
2025-10-21T13:16:28: ❌ Failed to initialize RCON connection: Connection timeout
2025-10-21T13:16:28: ❌ RCON Error: Connection timeout
2025-10-21T13:17:40: Warning: connect.session() MemoryStore is not
designed for a production environment, as it will leak
memory, and will not scale past a single process.
2025-10-21T13:17:55: ❌ Failed to initialize RCON connection: Connection timeout
2025-10-21T13:17:55: ❌ RCON Error: Connection timeout
2025-10-21T13:17:57: Warning: connect.session() MemoryStore is not
designed for a production environment, as it will leak
memory, and will not scale past a single process.
2025-10-21T13:18:12: ❌ Failed to initialize RCON connection: Connection timeout
2025-10-21T13:18:12: ❌ RCON Error: Connection timeout
2025-10-21T13:25:53: Warning: connect.session() MemoryStore is not
designed for a production environment, as it will leak
memory, and will not scale past a single process.
2025-10-21T13:26:08: ❌ Failed to initialize RCON connection: Connection timeout
2025-10-21T13:26:08: ❌ RCON Error: Connection timeout
2025-10-21T13:37:54: Warning: connect.session() MemoryStore is not
designed for a production environment, as it will leak
memory, and will not scale past a single process.
2025-10-21T13:38:09: ❌ Failed to initialize RCON connection: Connection timeout
2025-10-21T13:38:09: ❌ RCON Error: Connection timeout
2025-10-21T23:28:14: Warning: connect.session() MemoryStore is not
designed for a production environment, as it will leak
memory, and will not scale past a single process.
2025-10-21T23:28:29: ❌ Failed to initialize RCON connection: Connection timeout
2025-10-21T23:28:29: ❌ RCON Error: Connection timeout
2025-10-21T23:36:12: Warning: connect.session() MemoryStore is not
designed for a production environment, as it will leak
memory, and will not scale past a single process.
2025-10-21T23:36:27: ❌ Failed to initialize RCON connection: Connection timeout
2025-10-21T23:36:27: ❌ RCON Error: Connection timeout
2025-10-21T23:36:37: Warning: connect.session() MemoryStore is not
designed for a production environment, as it will leak
memory, and will not scale past a single process.
2025-10-21T23:36:52: ❌ Failed to initialize RCON connection: Connection timeout
2025-10-21T23:36:52: ❌ RCON Error: Connection timeout
2025-10-21T23:53:30: Warning: connect.session() MemoryStore is not
designed for a production environment, as it will leak
memory, and will not scale past a single process.
2025-10-21T23:53:45: ❌ Failed to initialize RCON connection: Connection timeout
2025-10-21T23:53:45: ❌ RCON Error: Connection timeout
2025-10-22T00:01:29: Warning: connect.session() MemoryStore is not
designed for a production environment, as it will leak
memory, and will not scale past a single process.
2025-10-22T00:28:37: Warning: connect.session() MemoryStore is not
designed for a production environment, as it will leak
memory, and will not scale past a single process.
2025-10-22T00:28:52: ⏰ Socket timeout: Socket idle timeout
2025-10-22T00:28:57: Warning: connect.session() MemoryStore is not
designed for a production environment, as it will leak
memory, and will not scale past a single process.
2025-10-22T00:29:12: ⏰ Socket timeout: Socket idle timeout
2025-10-22T00:29:17: Warning: connect.session() MemoryStore is not
designed for a production environment, as it will leak
memory, and will not scale past a single process.
2025-10-22T00:29:32: ⏰ Socket timeout: Socket idle timeout
2025-10-22T00:29:37: Warning: connect.session() MemoryStore is not
designed for a production environment, as it will leak
memory, and will not scale past a single process.
2025-10-22T00:29:52: ⏰ Socket timeout: Socket idle timeout
2025-10-22T00:29:57: Warning: connect.session() MemoryStore is not
designed for a production environment, as it will leak
memory, and will not scale past a single process.
2025-10-22T00:30:12: ⏰ Socket timeout: Socket idle timeout
2025-10-22T00:30:17: Warning: connect.session() MemoryStore is not
designed for a production environment, as it will leak
memory, and will not scale past a single process.
2025-10-22T00:30:32: ⏰ Socket timeout: Socket idle timeout
2025-10-22T00:30:37: Warning: connect.session() MemoryStore is not
designed for a production environment, as it will leak
memory, and will not scale past a single process.
2025-10-22T00:30:52: ⏰ Socket timeout: Socket idle timeout
2025-10-22T00:30:57: Warning: connect.session() MemoryStore is not
designed for a production environment, as it will leak
memory, and will not scale past a single process.
2025-10-22T00:31:12: ⏰ Socket timeout: Socket idle timeout
2025-10-22T00:31:16: Warning: connect.session() MemoryStore is not
designed for a production environment, as it will leak
memory, and will not scale past a single process.
2025-10-22T00:31:32: ⏰ Socket timeout: Socket idle timeout
2025-10-22T00:31:36: Warning: connect.session() MemoryStore is not
designed for a production environment, as it will leak
memory, and will not scale past a single process.
2025-10-22T00:31:51: ⏰ Socket timeout: Socket idle timeout
2025-10-22T00:31:56: Warning: connect.session() MemoryStore is not
designed for a production environment, as it will leak
memory, and will not scale past a single process.
2025-10-22T00:32:11: ⏰ Socket timeout: Socket idle timeout
2025-10-22T00:32:16: Warning: connect.session() MemoryStore is not
designed for a production environment, as it will leak
memory, and will not scale past a single process.
2025-10-22T00:32:31: ⏰ Socket timeout: Socket idle timeout
2025-10-22T00:32:36: Warning: connect.session() MemoryStore is not
designed for a production environment, as it will leak
memory, and will not scale past a single process.
2025-10-22T00:33:06: ⏰ Socket timeout: Socket idle timeout
2025-10-22T00:33:11: Warning: connect.session() MemoryStore is not
designed for a production environment, as it will leak
memory, and will not scale past a single process.
2025-10-22T00:33:41: ⏰ Socket timeout: Socket idle timeout
2025-10-22T00:33:46: Warning: connect.session() MemoryStore is not
designed for a production environment, as it will leak
memory, and will not scale past a single process.
2025-10-22T00:34:16: ⏰ Socket timeout: Socket idle timeout
2025-10-22T00:34:21: Warning: connect.session() MemoryStore is not
designed for a production environment, as it will leak
memory, and will not scale past a single process.
2025-10-22T00:34:51: ⏰ Socket timeout: Socket idle timeout
2025-10-22T00:34:56: Warning: connect.session() MemoryStore is not
designed for a production environment, as it will leak
memory, and will not scale past a single process.
2025-10-22T00:35:26: ⏰ Socket timeout: Socket idle timeout
2025-10-22T00:35:31: Warning: connect.session() MemoryStore is not
designed for a production environment, as it will leak
memory, and will not scale past a single process.
2025-10-22T00:36:01: ⏰ Socket timeout: Socket idle timeout
2025-10-22T00:36:05: Warning: connect.session() MemoryStore is not
designed for a production environment, as it will leak
memory, and will not scale past a single process.
2025-10-22T00:36:36: ⏰ Socket timeout: Socket idle timeout
2025-10-22T00:36:40: Warning: connect.session() MemoryStore is not
designed for a production environment, as it will leak
memory, and will not scale past a single process.
2025-10-22T00:37:10: ⏰ Socket timeout: Socket idle timeout
2025-10-22T00:37:15: Warning: connect.session() MemoryStore is not
designed for a production environment, as it will leak
memory, and will not scale past a single process.
2025-10-22T00:37:45: ⏰ Socket timeout: Socket idle timeout
2025-10-22T00:37:50: Warning: connect.session() MemoryStore is not
designed for a production environment, as it will leak
memory, and will not scale past a single process.
2025-10-22T00:38:20: ⏰ Socket timeout: Socket idle timeout
2025-10-22T00:38:25: Warning: connect.session() MemoryStore is not
designed for a production environment, as it will leak
memory, and will not scale past a single process.
2025-10-22T00:38:55: ⏰ Socket timeout: Socket idle timeout
2025-10-22T00:39:00: Warning: connect.session() MemoryStore is not
designed for a production environment, as it will leak
memory, and will not scale past a single process.
2025-10-22T00:39:30: ⏰ Socket timeout: Socket idle timeout
2025-10-22T00:39:35: Warning: connect.session() MemoryStore is not
designed for a production environment, as it will leak
memory, and will not scale past a single process.
2025-10-22T00:40:05: ⏰ Socket timeout: Socket idle timeout
2025-10-22T00:40:10: Warning: connect.session() MemoryStore is not
designed for a production environment, as it will leak
memory, and will not scale past a single process.
2025-10-22T00:40:40: ⏰ Socket timeout: Socket idle timeout
2025-10-22T00:40:44: Warning: connect.session() MemoryStore is not
designed for a production environment, as it will leak
memory, and will not scale past a single process.
2025-10-22T00:41:15: ⏰ Socket timeout: Socket idle timeout
2025-10-22T00:41:19: Warning: connect.session() MemoryStore is not
designed for a production environment, as it will leak
memory, and will not scale past a single process.
2025-10-22T00:41:37: Warning: connect.session() MemoryStore is not
designed for a production environment, as it will leak
memory, and will not scale past a single process.
2025-10-22T00:42:08: ⏰ Socket timeout: Socket idle timeout
2025-10-22T00:42:12: Warning: connect.session() MemoryStore is not
designed for a production environment, as it will leak
memory, and will not scale past a single process.
2025-10-22T00:42:42: ⏰ Socket timeout: Socket idle timeout
2025-10-22T00:42:47: Warning: connect.session() MemoryStore is not
designed for a production environment, as it will leak
memory, and will not scale past a single process.
2025-10-22T00:43:17: ⏰ Socket timeout: Socket idle timeout
2025-10-22T00:43:22: Warning: connect.session() MemoryStore is not
designed for a production environment, as it will leak
memory, and will not scale past a single process.
2025-10-22T00:43:52: ⏰ Socket timeout: Socket idle timeout
2025-10-22T00:43:57: Warning: connect.session() MemoryStore is not
designed for a production environment, as it will leak
memory, and will not scale past a single process.
2025-10-22T00:44:27: ⏰ Socket timeout: Socket idle timeout
2025-10-22T00:44:32: Warning: connect.session() MemoryStore is not
designed for a production environment, as it will leak
memory, and will not scale past a single process.
2025-10-22T00:45:02: ⏰ Socket timeout: Socket idle timeout
2025-10-22T00:45:07: Warning: connect.session() MemoryStore is not
designed for a production environment, as it will leak
memory, and will not scale past a single process.
2025-10-22T00:45:37: ⏰ Socket timeout: Socket idle timeout
2025-10-22T00:45:42: Warning: connect.session() MemoryStore is not
designed for a production environment, as it will leak
memory, and will not scale past a single process.
2025-10-22T00:46:12: ⏰ Socket timeout: Socket idle timeout
2025-10-22T00:46:17: Warning: connect.session() MemoryStore is not
designed for a production environment, as it will leak
memory, and will not scale past a single process.
2025-10-22T00:46:47: ⏰ Socket timeout: Socket idle timeout
2025-10-22T00:46:52: Warning: connect.session() MemoryStore is not
designed for a production environment, as it will leak
memory, and will not scale past a single process.
2025-10-22T00:47:22: ⏰ Socket timeout: Socket idle timeout
2025-10-22T00:47:26: Warning: connect.session() MemoryStore is not
designed for a production environment, as it will leak
memory, and will not scale past a single process.
2025-10-22T00:47:57: ⏰ Socket timeout: Socket idle timeout
2025-10-22T00:48:01: Warning: connect.session() MemoryStore is not
designed for a production environment, as it will leak
memory, and will not scale past a single process.
2025-10-22T00:48:31: ⏰ Socket timeout: Socket idle timeout
2025-10-22T00:48:36: Warning: connect.session() MemoryStore is not
designed for a production environment, as it will leak
memory, and will not scale past a single process.
2025-10-22T00:49:06: ⏰ Socket timeout: Socket idle timeout
2025-10-22T00:49:11: Warning: connect.session() MemoryStore is not
designed for a production environment, as it will leak
memory, and will not scale past a single process.
2025-10-22T00:49:41: ⏰ Socket timeout: Socket idle timeout
2025-10-22T00:49:46: Warning: connect.session() MemoryStore is not
designed for a production environment, as it will leak
memory, and will not scale past a single process.
2025-10-22T00:50:16: ⏰ Socket timeout: Socket idle timeout
2025-10-22T00:50:21: Warning: connect.session() MemoryStore is not
designed for a production environment, as it will leak
memory, and will not scale past a single process.
2025-10-22T00:50:51: ⏰ Socket timeout: Socket idle timeout
2025-10-22T00:50:56: Warning: connect.session() MemoryStore is not
designed for a production environment, as it will leak
memory, and will not scale past a single process.
2025-10-22T00:51:26: ⏰ Socket timeout: Socket idle timeout
2025-10-22T00:51:31: Warning: connect.session() MemoryStore is not
designed for a production environment, as it will leak
memory, and will not scale past a single process.
2025-10-22T00:52:01: ⏰ Socket timeout: Socket idle timeout
2025-10-22T00:52:05: Warning: connect.session() MemoryStore is not
designed for a production environment, as it will leak
memory, and will not scale past a single process.
2025-10-22T00:52:36: ⏰ Socket timeout: Socket idle timeout
2025-10-22T00:52:40: Warning: connect.session() MemoryStore is not
designed for a production environment, as it will leak
memory, and will not scale past a single process.
2025-10-22T00:53:10: ⏰ Socket timeout: Socket idle timeout
2025-10-22T00:53:15: Warning: connect.session() MemoryStore is not
designed for a production environment, as it will leak
memory, and will not scale past a single process.
2025-10-22T00:53:45: ⏰ Socket timeout: Socket idle timeout
2025-10-22T00:53:50: Warning: connect.session() MemoryStore is not
designed for a production environment, as it will leak
memory, and will not scale past a single process.
2025-10-22T00:54:20: ⏰ Socket timeout: Socket idle timeout
2025-10-22T00:54:25: Warning: connect.session() MemoryStore is not
designed for a production environment, as it will leak
memory, and will not scale past a single process.
2025-10-22T00:54:55: ⏰ Socket timeout: Socket idle timeout
2025-10-22T00:55:00: Warning: connect.session() MemoryStore is not
designed for a production environment, as it will leak
memory, and will not scale past a single process.
2025-10-22T00:55:30: ⏰ Socket timeout: Socket idle timeout
2025-10-22T00:55:35: Warning: connect.session() MemoryStore is not
designed for a production environment, as it will leak
memory, and will not scale past a single process.
2025-10-22T00:56:05: ⏰ Socket timeout: Socket idle timeout
2025-10-22T00:56:10: Warning: connect.session() MemoryStore is not
designed for a production environment, as it will leak
memory, and will not scale past a single process.
2025-10-22T00:56:40: ⏰ Socket timeout: Socket idle timeout
2025-10-22T00:56:45: Warning: connect.session() MemoryStore is not
designed for a production environment, as it will leak
memory, and will not scale past a single process.
2025-10-22T00:57:15: ⏰ Socket timeout: Socket idle timeout
2025-10-22T00:57:20: Warning: connect.session() MemoryStore is not
designed for a production environment, as it will leak
memory, and will not scale past a single process.
2025-10-22T00:57:50: ⏰ Socket timeout: Socket idle timeout
2025-10-22T00:57:54: Warning: connect.session() MemoryStore is not
designed for a production environment, as it will leak
memory, and will not scale past a single process.
2025-10-22T00:58:24: ⏰ Socket timeout: Socket idle timeout
2025-10-22T00:58:29: Warning: connect.session() MemoryStore is not
designed for a production environment, as it will leak
memory, and will not scale past a single process.
2025-10-22T00:58:59: ⏰ Socket timeout: Socket idle timeout
2025-10-22T00:59:04: Warning: connect.session() MemoryStore is not
designed for a production environment, as it will leak
memory, and will not scale past a single process.
2025-10-22T00:59:34: ⏰ Socket timeout: Socket idle timeout
2025-10-22T00:59:39: Warning: connect.session() MemoryStore is not
designed for a production environment, as it will leak
memory, and will not scale past a single process.
2025-10-22T01:00:09: ⏰ Socket timeout: Socket idle timeout
2025-10-22T01:00:14: Warning: connect.session() MemoryStore is not
designed for a production environment, as it will leak
memory, and will not scale past a single process.
2025-10-22T01:00:44: ⏰ Socket timeout: Socket idle timeout
2025-10-22T01:00:49: Warning: connect.session() MemoryStore is not
designed for a production environment, as it will leak
memory, and will not scale past a single process.
2025-10-22T01:01:19: ⏰ Socket timeout: Socket idle timeout
2025-10-22T01:01:24: Warning: connect.session() MemoryStore is not
designed for a production environment, as it will leak
memory, and will not scale past a single process.
2025-10-22T01:01:54: ⏰ Socket timeout: Socket idle timeout
2025-10-22T01:01:59: Warning: connect.session() MemoryStore is not
designed for a production environment, as it will leak
memory, and will not scale past a single process.
2025-10-22T01:02:29: ⏰ Socket timeout: Socket idle timeout
2025-10-22T01:02:34: Warning: connect.session() MemoryStore is not
designed for a production environment, as it will leak
memory, and will not scale past a single process.
